Determining if the pthread_create exist failed with the following output:
Change Dir: /home/zeke/need4speed_ws/build/CMakeFiles/CMakeTmp

Run Build Command:"/usr/bin/make" "cmTC_90cd1/fast"
/usr/bin/make -f CMakeFiles/cmTC_90cd1.dir/build.make CMakeFiles/cmTC_90cd1.dir/build
make[1]: Entering directory '/home/zeke/need4speed_ws/build/CMakeFiles/CMakeTmp'
Building C object CMakeFiles/cmTC_90cd1.dir/CheckSymbolExists.c.o
/usr/bin/cc    -o CMakeFiles/cmTC_90cd1.dir/CheckSymbolExists.c.o   -c /home/zeke/need4speed_ws/build/CMakeFiles/CMakeTmp/CheckSymbolExists.c
Linking C executable cmTC_90cd1
/usr/bin/cmake -E cmake_link_script CMakeFiles/cmTC_90cd1.dir/link.txt --verbose=1
/usr/bin/cc      -rdynamic CMakeFiles/cmTC_90cd1.dir/CheckSymbolExists.c.o  -o cmTC_90cd1 
CMakeFiles/cmTC_90cd1.dir/CheckSymbolExists.c.o: In function `main':
CheckSymbolExists.c:(.text+0x1b): undefined reference to `pthread_create'
collect2: error: ld returned 1 exit status
CMakeFiles/cmTC_90cd1.dir/build.make:97: recipe for target 'cmTC_90cd1' failed
make[1]: *** [cmTC_90cd1] Error 1
make[1]: Leaving directory '/home/zeke/need4speed_ws/build/CMakeFiles/CMakeTmp'
Makefile:126: recipe for target 'cmTC_90cd1/fast' failed
make: *** [cmTC_90cd1/fast] Error 2

File /home/zeke/need4speed_ws/build/CMakeFiles/CMakeTmp/CheckSymbolExists.c:
/* */
#include <pthread.h>

int main(int argc, char** argv)
{
  (void)argv;
#ifndef pthread_create
  return ((int*)(&pthread_create))[argc];
#else
  (void)argc;
  return 0;
#endif
}

Determining if the function pthread_create exists in the pthreads failed with the following output:
Change Dir: /home/zeke/need4speed_ws/build/CMakeFiles/CMakeTmp

Run Build Command:"/usr/bin/make" "cmTC_e44ce/fast"
/usr/bin/make -f CMakeFiles/cmTC_e44ce.dir/build.make CMakeFiles/cmTC_e44ce.dir/build
make[1]: Entering directory '/home/zeke/need4speed_ws/build/CMakeFiles/CMakeTmp'
Building C object CMakeFiles/cmTC_e44ce.dir/CheckFunctionExists.c.o
/usr/bin/cc   -DCHECK_FUNCTION_EXISTS=pthread_create   -o CMakeFiles/cmTC_e44ce.dir/CheckFunctionExists.c.o   -c /usr/share/cmake-3.10/Modules/CheckFunctionExists.c
Linking C executable cmTC_e44ce
/usr/bin/cmake -E cmake_link_script CMakeFiles/cmTC_e44ce.dir/link.txt --verbose=1
/usr/bin/cc  -DCHECK_FUNCTION_EXISTS=pthread_create    -rdynamic CMakeFiles/cmTC_e44ce.dir/CheckFunctionExists.c.o  -o cmTC_e44ce -lpthreads 
/usr/bin/ld: cannot find -lpthreads
collect2: error: ld returned 1 exit status
CMakeFiles/cmTC_e44ce.dir/build.make:97: recipe for target 'cmTC_e44ce' failed
make[1]: *** [cmTC_e44ce] Error 1
make[1]: Leaving directory '/home/zeke/need4speed_ws/build/CMakeFiles/CMakeTmp'
Makefile:126: recipe for target 'cmTC_e44ce/fast' failed
make: *** [cmTC_e44ce/fast] Error 2


